<?xml version="1.0" encoding="UTF-8"?>
<!-- Generated by org.testng.reporters.JUnitReportReporter -->
<testsuite hostname="2030007706" failures="0" tests="3" name="com.rohini.automation.DemoGroups" time="0.008" errors="0" timestamp="31 Jan 2019 06:55:56 GMT">
  <testcase classname="com.rohini.automation.DemoGroups" name="testCase_3" time="0.001"/>
  <testcase classname="com.rohini.automation.DemoGroups" name="testCase_1" time="0.006"/>
  <testcase classname="com.rohini.automation.DemoGroups" name="testCase_2" time="0.001"/>
</testsuite> <!-- com.rohini.automation.DemoGroups -->
