<?xml version="1.0" encoding="UTF-8"?>
<!-- Generated by org.testng.reporters.JUnitReportReporter -->
<testsuite hostname="2030007706" failures="0" tests="1" name="com.rohini.automation.AppTest" time="0.015" errors="0" timestamp="31 Jan 2019 02:58:45 GMT">
  <testcase classname="com.rohini.automation.AppTest" name="testApp" time="0.015"/>
</testsuite> <!-- com.rohini.automation.AppTest -->
