<?xml version="1.0" encoding="UTF-8"?>
<testsuite xmlns:xsi="http://www.w3.org/2001/XMLSchema-instance" xsi:noNamespaceSchemaLocation="https://maven.apache.org/surefire/maven-surefire-plugin/xsd/surefire-test-report.xsd" name="com.rohini.automation.AppTest" time="0.251" tests="1" errors="0" skipped="0" failures="0">
  <properties>
    <property name="gopherProxySet" value="false"/>
    <property name="awt.toolkit" value="sun.lwawt.macosx.LWCToolkit"/>
    <property name="java.specification.version" value="9"/>
    <property name="file.encoding.pkg" value="sun.io"/>
    <property name="sun.cpu.isalist" value=""/>
    <property name="sun.jnu.encoding" value="UTF-8"/>
    <property name="java.class.path" value="/Users/r.kumari/Documents/Rohini_Personal/rohini_eclipse_workspace/Automation/target/test-classes:/Users/r.kumari/Documents/Rohini_Personal/rohini_eclipse_workspace/Automation/target/classes:/Users/r.kumari/.m2/repository/org/seleniumhq/selenium/selenium-java/2.52.0/selenium-java-2.52.0.jar:/Users/r.kumari/.m2/repository/org/seleniumhq/selenium/selenium-chrome-driver/2.52.0/selenium-chrome-driver-2.52.0.jar:/Users/r.kumari/.m2/repository/org/seleniumhq/selenium/selenium-remote-driver/2.52.0/selenium-remote-driver-2.52.0.jar:/Users/r.kumari/.m2/repository/cglib/cglib-nodep/2.1_3/cglib-nodep-2.1_3.jar:/Users/r.kumari/.m2/repository/org/seleniumhq/selenium/selenium-api/2.52.0/selenium-api-2.52.0.jar:/Users/r.kumari/.m2/repository/org/seleniumhq/selenium/selenium-edge-driver/2.52.0/selenium-edge-driver-2.52.0.jar:/Users/r.kumari/.m2/repository/commons-io/commons-io/2.4/commons-io-2.4.jar:/Users/r.kumari/.m2/repository/org/apache/commons/commons-exec/1.3/commons-exec-1.3.jar:/Users/r.kumari/.m2/repository/org/seleniumhq/selenium/selenium-htmlunit-driver/2.52.0/selenium-htmlunit-driver-2.52.0.jar:/Users/r.kumari/.m2/repository/net/sourceforge/htmlunit/htmlunit/2.18/htmlunit-2.18.jar:/Users/r.kumari/.m2/repository/xalan/xalan/2.7.2/xalan-2.7.2.jar:/Users/r.kumari/.m2/repository/xalan/serializer/2.7.2/serializer-2.7.2.jar:/Users/r.kumari/.m2/repository/org/apache/commons/commons-lang3/3.4/commons-lang3-3.4.jar:/Users/r.kumari/.m2/repository/org/apache/httpcomponents/httpmime/4.5/httpmime-4.5.jar:/Users/r.kumari/.m2/repository/net/sourceforge/htmlunit/htmlunit-core-js/2.17/htmlunit-core-js-2.17.jar:/Users/r.kumari/.m2/repository/xerces/xercesImpl/2.11.0/xercesImpl-2.11.0.jar:/Users/r.kumari/.m2/repository/xml-apis/xml-apis/1.4.01/xml-apis-1.4.01.jar:/Users/r.kumari/.m2/repository/net/sourceforge/nekohtml/nekohtml/1.9.22/nekohtml-1.9.22.jar:/Users/r.kumari/.m2/repository/net/sourceforge/cssparser/cssparser/0.9.16/cssparser-0.9.16.jar:/Users/r.kumari/.m2/repository/org/w3c/css/sac/1.3/sac-1.3.jar:/Users/r.kumari/.m2/repository/org/eclipse/jetty/websocket/websocket-client/9.2.12.v20150709/websocket-client-9.2.12.v20150709.jar:/Users/r.kumari/.m2/repository/org/eclipse/jetty/jetty-util/9.2.12.v20150709/jetty-util-9.2.12.v20150709.jar:/Users/r.kumari/.m2/repository/org/eclipse/jetty/jetty-io/9.2.12.v20150709/jetty-io-9.2.12.v20150709.jar:/Users/r.kumari/.m2/repository/org/eclipse/jetty/websocket/websocket-common/9.2.12.v20150709/websocket-common-9.2.12.v20150709.jar:/Users/r.kumari/.m2/repository/org/eclipse/jetty/websocket/websocket-api/9.2.12.v20150709/websocket-api-9.2.12.v20150709.jar:/Users/r.kumari/.m2/repository/commons-collections/commons-collections/3.2.2/commons-collections-3.2.2.jar:/Users/r.kumari/.m2/repository/org/seleniumhq/selenium/selenium-firefox-driver/2.52.0/selenium-firefox-driver-2.52.0.jar:/Users/r.kumari/.m2/repository/org/seleniumhq/selenium/selenium-ie-driver/2.52.0/selenium-ie-driver-2.52.0.jar:/Users/r.kumari/.m2/repository/net/java/dev/jna/jna/4.1.0/jna-4.1.0.jar:/Users/r.kumari/.m2/repository/net/java/dev/jna/jna-platform/4.1.0/jna-platform-4.1.0.jar:/Users/r.kumari/.m2/repository/org/seleniumhq/selenium/selenium-safari-driver/2.52.0/selenium-safari-driver-2.52.0.jar:/Users/r.kumari/.m2/repository/org/seleniumhq/selenium/selenium-support/2.52.0/selenium-support-2.52.0.jar:/Users/r.kumari/.m2/repository/org/webbitserver/webbit/0.4.14/webbit-0.4.14.jar:/Users/r.kumari/.m2/repository/io/netty/netty/3.5.2.Final/netty-3.5.2.Final.jar:/Users/r.kumari/.m2/repository/org/seleniumhq/selenium/selenium-leg-rc/2.52.0/selenium-leg-rc-2.52.0.jar:/Users/r.kumari/.m2/repository/commons-logging/commons-logging/1.1/commons-logging-1.1.jar:/Users/r.kumari/.m2/repository/logkit/logkit/1.0.1/logkit-1.0.1.jar:/Users/r.kumari/.m2/repository/avalon-framework/avalon-framework/4.1.3/avalon-framework-4.1.3.jar:/Users/r.kumari/.m2/repository/javax/servlet/servlet-api/2.3/servlet-api-2.3.jar:/Users/r.kumari/.m2/repository/org/testng/testng/6.9.10/testng-6.9.10.jar:/Users/r.kumari/.m2/repository/com/beust/jcommander/1.48/jcommander-1.48.jar:/Users/r.kumari/.m2/repository/org/beanshell/bsh/2.0b4/bsh-2.0b4.jar:/Users/r.kumari/.m2/repository/net/sourceforge/jexcelapi/jxl/2.6.12/jxl-2.6.12.jar:/Users/r.kumari/.m2/repository/io/appium/java-client/3.3.0/java-client-3.3.0.jar:/Users/r.kumari/.m2/repository/com/google/code/gson/gson/2.2.4/gson-2.2.4.jar:/Users/r.kumari/.m2/repository/org/apache/httpcomponents/httpclient/4.3.3/httpclient-4.3.3.jar:/Users/r.kumari/.m2/repository/org/apache/httpcomponents/httpcore/4.3.2/httpcore-4.3.2.jar:/Users/r.kumari/.m2/repository/commons-codec/commons-codec/1.6/commons-codec-1.6.jar:/Users/r.kumari/.m2/repository/com/google/guava/guava/17.0/guava-17.0.jar:/Users/r.kumari/.m2/repository/cglib/cglib/3.1/cglib-3.1.jar:/Users/r.kumari/.m2/repository/org/ow2/asm/asm/4.2/asm-4.2.jar:/Users/r.kumari/.m2/repository/commons-validator/commons-validator/1.4.1/commons-validator-1.4.1.jar:/Users/r.kumari/.m2/repository/commons-beanutils/commons-beanutils/1.8.3/commons-beanutils-1.8.3.jar:/Users/r.kumari/.m2/repository/commons-digester/commons-digester/1.8.1/commons-digester-1.8.1.jar:/Users/r.kumari/.m2/repository/log4j/log4j/1.2.17/log4j-1.2.17.jar:/Users/r.kumari/.m2/repository/com/github/skwakman/nodejs-maven-plugin/nodejs-maven-plugin/1.0.2/nodejs-maven-plugin-1.0.2.jar:/Users/r.kumari/.m2/repository/org/codehaus/plexus/plexus-archiver/2.3/plexus-archiver-2.3.jar:/Users/r.kumari/.m2/repository/org/codehaus/plexus/plexus-container-default/1.0-alpha-9-stable-1/plexus-container-default-1.0-alpha-9-stable-1.jar:/Users/r.kumari/.m2/repository/classworlds/classworlds/1.1-alpha-2/classworlds-1.1-alpha-2.jar:/Users/r.kumari/.m2/repository/org/codehaus/plexus/plexus-utils/3.0.10/plexus-utils-3.0.10.jar:/Users/r.kumari/.m2/repository/org/codehaus/plexus/plexus-io/2.0.6/plexus-io-2.0.6.jar:/Users/r.kumari/.m2/repository/com/googlecode/json-simple/json-simple/1.1.1/json-simple-1.1.1.jar:/Users/r.kumari/.m2/repository/javax/xml/bind/jaxb-api/2.2.11/jaxb-api-2.2.11.jar:/Users/r.kumari/.m2/repository/com/sun/xml/bind/jaxb-core/2.2.11/jaxb-core-2.2.11.jar:/Users/r.kumari/.m2/repository/com/sun/xml/bind/jaxb-impl/2.2.11/jaxb-impl-2.2.11.jar:/Users/r.kumari/.m2/repository/javax/activation/activation/1.1.1/activation-1.1.1.jar:/Users/r.kumari/.m2/repository/org/apache/wink/wink-json4j/1.3.0/wink-json4j-1.3.0.jar:/Users/r.kumari/.m2/repository/junit/junit/3.8.1/junit-3.8.1.jar:/Users/r.kumari/.m2/repository/com/amazonaws/aws-java-sdk/1.9.2/aws-java-sdk-1.9.2.jar:/Users/r.kumari/.m2/repository/com/amazonaws/aws-java-sdk-logs/1.9.2/aws-java-sdk-logs-1.9.2.jar:/Users/r.kumari/.m2/repository/com/amazonaws/aws-java-sdk-core/1.9.2/aws-java-sdk-core-1.9.2.jar:/Users/r.kumari/.m2/repository/com/fasterxml/jackson/core/jackson-databind/2.3.2/jackson-databind-2.3.2.jar:/Users/r.kumari/.m2/repository/com/fasterxml/jackson/core/jackson-annotations/2.3.0/jackson-annotations-2.3.0.jar:/Users/r.kumari/.m2/repository/com/fasterxml/jackson/core/jackson-core/2.3.2/jackson-core-2.3.2.jar:/Users/r.kumari/.m2/repository/joda-time/joda-time/2.10.1/joda-time-2.10.1.jar:/Users/r.kumari/.m2/repository/com/amazonaws/aws-java-sdk-elasticache/1.9.2/aws-java-sdk-elasticache-1.9.2.jar:/Users/r.kumari/.m2/repository/com/amazonaws/aws-java-sdk-elastictranscoder/1.9.2/aws-java-sdk-elastictranscoder-1.9.2.jar:/Users/r.kumari/.m2/repository/com/amazonaws/aws-java-sdk-route53/1.9.2/aws-java-sdk-route53-1.9.2.jar:/Users/r.kumari/.m2/repository/com/amazonaws/aws-java-sdk-datapipeline/1.9.2/aws-java-sdk-datapipeline-1.9.2.jar:/Users/r.kumari/.m2/repository/com/amazonaws/aws-java-sdk-cloudwatchmetrics/1.9.2/aws-java-sdk-cloudwatchmetrics-1.9.2.jar:/Users/r.kumari/.m2/repository/com/amazonaws/aws-java-sdk-cloudwatch/1.9.2/aws-java-sdk-cloudwatch-1.9.2.jar:/Users/r.kumari/.m2/repository/com/amazonaws/aws-java-sdk-dynamodb/1.9.2/aws-java-sdk-dynamodb-1.9.2.jar:/Users/r.kumari/.m2/repository/com/amazonaws/aws-java-sdk-rds/1.9.2/aws-java-sdk-rds-1.9.2.jar:/Users/r.kumari/.m2/repository/com/amazonaws/aws-java-sdk-storagegateway/1.9.2/aws-java-sdk-storagegateway-1.9.2.jar:/Users/r.kumari/.m2/repository/com/amazonaws/aws-java-sdk-swf-libraries/1.9.2/aws-java-sdk-swf-libraries-1.9.2.jar:/Users/r.kumari/.m2/repository/com/amazonaws/aws-java-sdk-simpleworkflow/1.9.2/aws-java-sdk-simpleworkflow-1.9.2.jar:/Users/r.kumari/.m2/repository/com/amazonaws/aws-java-sdk-directconnect/1.9.2/aws-java-sdk-directconnect-1.9.2.jar:/Users/r.kumari/.m2/repository/com/amazonaws/aws-java-sdk-iam/1.9.2/aws-java-sdk-iam-1.9.2.jar:/Users/r.kumari/.m2/repository/com/amazonaws/aws-java-sdk-ec2/1.9.2/aws-java-sdk-ec2-1.9.2.jar:/Users/r.kumari/.m2/repository/com/amazonaws/aws-java-sdk-cloudformation/1.9.2/aws-java-sdk-cloudformation-1.9.2.jar:/Users/r.kumari/.m2/repository/com/amazonaws/aws-java-sdk-ses/1.9.2/aws-java-sdk-ses-1.9.2.jar:/Users/r.kumari/.m2/repository/com/amazonaws/aws-java-sdk-elasticloadbalancing/1.9.2/aws-java-sdk-elasticloadbalancing-1.9.2.jar:/Users/r.kumari/.m2/repository/com/amazonaws/aws-java-sdk-cognitosync/1.9.2/aws-java-sdk-cognitosync-1.9.2.jar:/Users/r.kumari/.m2/repository/com/amazonaws/aws-java-sdk-cloudtrail/1.9.2/aws-java-sdk-cloudtrail-1.9.2.jar:/Users/r.kumari/.m2/repository/com/amazonaws/aws-java-sdk-elasticbeanstalk/1.9.2/aws-java-sdk-elasticbeanstalk-1.9.2.jar:/Users/r.kumari/.m2/repository/com/amazonaws/aws-java-sdk-simpledb/1.9.2/aws-java-sdk-simpledb-1.9.2.jar:/Users/r.kumari/.m2/repository/com/amazonaws/aws-java-sdk-opsworks/1.9.2/aws-java-sdk-opsworks-1.9.2.jar:/Users/r.kumari/.m2/repository/com/amazonaws/aws-java-sdk-autoscaling/1.9.2/aws-java-sdk-autoscaling-1.9.2.jar:/Users/r.kumari/.m2/repository/com/amazonaws/aws-java-sdk-sts/1.9.2/aws-java-sdk-sts-1.9.2.jar:/Users/r.kumari/.m2/repository/com/amazonaws/aws-java-sdk-cloudfront/1.9.2/aws-java-sdk-cloudfront-1.9.2.jar:/Users/r.kumari/.m2/repository/com/amazonaws/aws-java-sdk-importexport/1.9.2/aws-java-sdk-importexport-1.9.2.jar:/Users/r.kumari/.m2/repository/com/amazonaws/aws-java-sdk-emr/1.9.2/aws-java-sdk-emr-1.9.2.jar:/Users/r.kumari/.m2/repository/com/amazonaws/aws-java-sdk-cloudsearch/1.9.2/aws-java-sdk-cloudsearch-1.9.2.jar:/Users/r.kumari/.m2/repository/com/amazonaws/aws-java-sdk-glacier/1.9.2/aws-java-sdk-glacier-1.9.2.jar:/Users/r.kumari/.m2/repository/com/amazonaws/aws-java-sdk-sqs/1.9.2/aws-java-sdk-sqs-1.9.2.jar:/Users/r.kumari/.m2/repository/com/amazonaws/aws-java-sdk-sns/1.9.2/aws-java-sdk-sns-1.9.2.jar:/Users/r.kumari/.m2/repository/com/amazonaws/aws-java-sdk-s3/1.9.2/aws-java-sdk-s3-1.9.2.jar:/Users/r.kumari/.m2/repository/com/amazonaws/aws-java-sdk-kinesis/1.9.2/aws-java-sdk-kinesis-1.9.2.jar:/Users/r.kumari/.m2/repository/com/amazonaws/aws-java-sdk-redshift/1.9.2/aws-java-sdk-redshift-1.9.2.jar:/Users/r.kumari/.m2/repository/com/amazonaws/aws-java-sdk-support/1.9.2/aws-java-sdk-support-1.9.2.jar:/Users/r.kumari/.m2/repository/com/amazonaws/aws-java-sdk-cognitoidentity/1.9.2/aws-java-sdk-cognitoidentity-1.9.2.jar:/Users/r.kumari/.m2/repository/org/apache/maven/surefire/surefire-testng-utils/2.21.0/surefire-testng-utils-2.21.0.jar:/Users/r.kumari/.m2/repository/org/apache/maven/surefire/surefire-grouper/2.21.0/surefire-grouper-2.21.0.jar:"/>
    <property name="java.vm.vendor" value="Oracle Corporation"/>
    <property name="sun.arch.data.model" value="64"/>
    <property name="java.vendor.url" value="http://java.oracle.com/"/>
    <property name="user.timezone" value=""/>
    <property name="java.vm.specification.version" value="9"/>
    <property name="os.name" value="Mac OS X"/>
    <property name="sun.java.launcher" value="SUN_STANDARD"/>
    <property name="user.country" value="CA"/>
    <property name="sun.boot.library.path" value="/Library/Java/JavaVirtualMachines/jdk-9.0.4.jdk/Contents/Home/lib"/>
    <property name="sun.java.command" value="/Users/r.kumari/Documents/Rohini_Personal/rohini_eclipse_workspace/Automation/target/surefire/surefirebooter3761539903834553630.jar /Users/r.kumari/Documents/Rohini_Personal/rohini_eclipse_workspace/Automation/target/surefire 2019-01-30T18-58-45_124-jvmRun1 surefire5669515641836647974tmp surefire_017804680934763437410tmp"/>
    <property name="jdk.debug" value="release"/>
    <property name="surefire.test.class.path" value="/Users/r.kumari/Documents/Rohini_Personal/rohini_eclipse_workspace/Automation/target/test-classes:/Users/r.kumari/Documents/Rohini_Personal/rohini_eclipse_workspace/Automation/target/classes:/Users/r.kumari/.m2/repository/org/seleniumhq/selenium/selenium-java/2.52.0/selenium-java-2.52.0.jar:/Users/r.kumari/.m2/repository/org/seleniumhq/selenium/selenium-chrome-driver/2.52.0/selenium-chrome-driver-2.52.0.jar:/Users/r.kumari/.m2/repository/org/seleniumhq/selenium/selenium-remote-driver/2.52.0/selenium-remote-driver-2.52.0.jar:/Users/r.kumari/.m2/repository/cglib/cglib-nodep/2.1_3/cglib-nodep-2.1_3.jar:/Users/r.kumari/.m2/repository/org/seleniumhq/selenium/selenium-api/2.52.0/selenium-api-2.52.0.jar:/Users/r.kumari/.m2/repository/org/seleniumhq/selenium/selenium-edge-driver/2.52.0/selenium-edge-driver-2.52.0.jar:/Users/r.kumari/.m2/repository/commons-io/commons-io/2.4/commons-io-2.4.jar:/Users/r.kumari/.m2/repository/org/apache/commons/commons-exec/1.3/commons-exec-1.3.jar:/Users/r.kumari/.m2/repository/org/seleniumhq/selenium/selenium-htmlunit-driver/2.52.0/selenium-htmlunit-driver-2.52.0.jar:/Users/r.kumari/.m2/repository/net/sourceforge/htmlunit/htmlunit/2.18/htmlunit-2.18.jar:/Users/r.kumari/.m2/repository/xalan/xalan/2.7.2/xalan-2.7.2.jar:/Users/r.kumari/.m2/repository/xalan/serializer/2.7.2/serializer-2.7.2.jar:/Users/r.kumari/.m2/repository/org/apache/commons/commons-lang3/3.4/commons-lang3-3.4.jar:/Users/r.kumari/.m2/repository/org/apache/httpcomponents/httpmime/4.5/httpmime-4.5.jar:/Users/r.kumari/.m2/repository/net/sourceforge/htmlunit/htmlunit-core-js/2.17/htmlunit-core-js-2.17.jar:/Users/r.kumari/.m2/repository/xerces/xercesImpl/2.11.0/xercesImpl-2.11.0.jar:/Users/r.kumari/.m2/repository/xml-apis/xml-apis/1.4.01/xml-apis-1.4.01.jar:/Users/r.kumari/.m2/repository/net/sourceforge/nekohtml/nekohtml/1.9.22/nekohtml-1.9.22.jar:/Users/r.kumari/.m2/repository/net/sourceforge/cssparser/cssparser/0.9.16/cssparser-0.9.16.jar:/Users/r.kumari/.m2/repository/org/w3c/css/sac/1.3/sac-1.3.jar:/Users/r.kumari/.m2/repository/org/eclipse/jetty/websocket/websocket-client/9.2.12.v20150709/websocket-client-9.2.12.v20150709.jar:/Users/r.kumari/.m2/repository/org/eclipse/jetty/jetty-util/9.2.12.v20150709/jetty-util-9.2.12.v20150709.jar:/Users/r.kumari/.m2/repository/org/eclipse/jetty/jetty-io/9.2.12.v20150709/jetty-io-9.2.12.v20150709.jar:/Users/r.kumari/.m2/repository/org/eclipse/jetty/websocket/websocket-common/9.2.12.v20150709/websocket-common-9.2.12.v20150709.jar:/Users/r.kumari/.m2/repository/org/eclipse/jetty/websocket/websocket-api/9.2.12.v20150709/websocket-api-9.2.12.v20150709.jar:/Users/r.kumari/.m2/repository/commons-collections/commons-collections/3.2.2/commons-collections-3.2.2.jar:/Users/r.kumari/.m2/repository/org/seleniumhq/selenium/selenium-firefox-driver/2.52.0/selenium-firefox-driver-2.52.0.jar:/Users/r.kumari/.m2/repository/org/seleniumhq/selenium/selenium-ie-driver/2.52.0/selenium-ie-driver-2.52.0.jar:/Users/r.kumari/.m2/repository/net/java/dev/jna/jna/4.1.0/jna-4.1.0.jar:/Users/r.kumari/.m2/repository/net/java/dev/jna/jna-platform/4.1.0/jna-platform-4.1.0.jar:/Users/r.kumari/.m2/repository/org/seleniumhq/selenium/selenium-safari-driver/2.52.0/selenium-safari-driver-2.52.0.jar:/Users/r.kumari/.m2/repository/org/seleniumhq/selenium/selenium-support/2.52.0/selenium-support-2.52.0.jar:/Users/r.kumari/.m2/repository/org/webbitserver/webbit/0.4.14/webbit-0.4.14.jar:/Users/r.kumari/.m2/repository/io/netty/netty/3.5.2.Final/netty-3.5.2.Final.jar:/Users/r.kumari/.m2/repository/org/seleniumhq/selenium/selenium-leg-rc/2.52.0/selenium-leg-rc-2.52.0.jar:/Users/r.kumari/.m2/repository/commons-logging/commons-logging/1.1/commons-logging-1.1.jar:/Users/r.kumari/.m2/repository/logkit/logkit/1.0.1/logkit-1.0.1.jar:/Users/r.kumari/.m2/repository/avalon-framework/avalon-framework/4.1.3/avalon-framework-4.1.3.jar:/Users/r.kumari/.m2/repository/javax/servlet/servlet-api/2.3/servlet-api-2.3.jar:/Users/r.kumari/.m2/repository/org/testng/testng/6.9.10/testng-6.9.10.jar:/Users/r.kumari/.m2/repository/com/beust/jcommander/1.48/jcommander-1.48.jar:/Users/r.kumari/.m2/repository/org/beanshell/bsh/2.0b4/bsh-2.0b4.jar:/Users/r.kumari/.m2/repository/net/sourceforge/jexcelapi/jxl/2.6.12/jxl-2.6.12.jar:/Users/r.kumari/.m2/repository/io/appium/java-client/3.3.0/java-client-3.3.0.jar:/Users/r.kumari/.m2/repository/com/google/code/gson/gson/2.2.4/gson-2.2.4.jar:/Users/r.kumari/.m2/repository/org/apache/httpcomponents/httpclient/4.3.3/httpclient-4.3.3.jar:/Users/r.kumari/.m2/repository/org/apache/httpcomponents/httpcore/4.3.2/httpcore-4.3.2.jar:/Users/r.kumari/.m2/repository/commons-codec/commons-codec/1.6/commons-codec-1.6.jar:/Users/r.kumari/.m2/repository/com/google/guava/guava/17.0/guava-17.0.jar:/Users/r.kumari/.m2/repository/cglib/cglib/3.1/cglib-3.1.jar:/Users/r.kumari/.m2/repository/org/ow2/asm/asm/4.2/asm-4.2.jar:/Users/r.kumari/.m2/repository/commons-validator/commons-validator/1.4.1/commons-validator-1.4.1.jar:/Users/r.kumari/.m2/repository/commons-beanutils/commons-beanutils/1.8.3/commons-beanutils-1.8.3.jar:/Users/r.kumari/.m2/repository/commons-digester/commons-digester/1.8.1/commons-digester-1.8.1.jar:/Users/r.kumari/.m2/repository/log4j/log4j/1.2.17/log4j-1.2.17.jar:/Users/r.kumari/.m2/repository/com/github/skwakman/nodejs-maven-plugin/nodejs-maven-plugin/1.0.2/nodejs-maven-plugin-1.0.2.jar:/Users/r.kumari/.m2/repository/org/codehaus/plexus/plexus-archiver/2.3/plexus-archiver-2.3.jar:/Users/r.kumari/.m2/repository/org/codehaus/plexus/plexus-container-default/1.0-alpha-9-stable-1/plexus-container-default-1.0-alpha-9-stable-1.jar:/Users/r.kumari/.m2/repository/classworlds/classworlds/1.1-alpha-2/classworlds-1.1-alpha-2.jar:/Users/r.kumari/.m2/repository/org/codehaus/plexus/plexus-utils/3.0.10/plexus-utils-3.0.10.jar:/Users/r.kumari/.m2/repository/org/codehaus/plexus/plexus-io/2.0.6/plexus-io-2.0.6.jar:/Users/r.kumari/.m2/repository/com/googlecode/json-simple/json-simple/1.1.1/json-simple-1.1.1.jar:/Users/r.kumari/.m2/repository/javax/xml/bind/jaxb-api/2.2.11/jaxb-api-2.2.11.jar:/Users/r.kumari/.m2/repository/com/sun/xml/bind/jaxb-core/2.2.11/jaxb-core-2.2.11.jar:/Users/r.kumari/.m2/repository/com/sun/xml/bind/jaxb-impl/2.2.11/jaxb-impl-2.2.11.jar:/Users/r.kumari/.m2/repository/javax/activation/activation/1.1.1/activation-1.1.1.jar:/Users/r.kumari/.m2/repository/org/apache/wink/wink-json4j/1.3.0/wink-json4j-1.3.0.jar:/Users/r.kumari/.m2/repository/junit/junit/3.8.1/junit-3.8.1.jar:/Users/r.kumari/.m2/repository/com/amazonaws/aws-java-sdk/1.9.2/aws-java-sdk-1.9.2.jar:/Users/r.kumari/.m2/repository/com/amazonaws/aws-java-sdk-logs/1.9.2/aws-java-sdk-logs-1.9.2.jar:/Users/r.kumari/.m2/repository/com/amazonaws/aws-java-sdk-core/1.9.2/aws-java-sdk-core-1.9.2.jar:/Users/r.kumari/.m2/repository/com/fasterxml/jackson/core/jackson-databind/2.3.2/jackson-databind-2.3.2.jar:/Users/r.kumari/.m2/repository/com/fasterxml/jackson/core/jackson-annotations/2.3.0/jackson-annotations-2.3.0.jar:/Users/r.kumari/.m2/repository/com/fasterxml/jackson/core/jackson-core/2.3.2/jackson-core-2.3.2.jar:/Users/r.kumari/.m2/repository/joda-time/joda-time/2.10.1/joda-time-2.10.1.jar:/Users/r.kumari/.m2/repository/com/amazonaws/aws-java-sdk-elasticache/1.9.2/aws-java-sdk-elasticache-1.9.2.jar:/Users/r.kumari/.m2/repository/com/amazonaws/aws-java-sdk-elastictranscoder/1.9.2/aws-java-sdk-elastictranscoder-1.9.2.jar:/Users/r.kumari/.m2/repository/com/amazonaws/aws-java-sdk-route53/1.9.2/aws-java-sdk-route53-1.9.2.jar:/Users/r.kumari/.m2/repository/com/amazonaws/aws-java-sdk-datapipeline/1.9.2/aws-java-sdk-datapipeline-1.9.2.jar:/Users/r.kumari/.m2/repository/com/amazonaws/aws-java-sdk-cloudwatchmetrics/1.9.2/aws-java-sdk-cloudwatchmetrics-1.9.2.jar:/Users/r.kumari/.m2/repository/com/amazonaws/aws-java-sdk-cloudwatch/1.9.2/aws-java-sdk-cloudwatch-1.9.2.jar:/Users/r.kumari/.m2/repository/com/amazonaws/aws-java-sdk-dynamodb/1.9.2/aws-java-sdk-dynamodb-1.9.2.jar:/Users/r.kumari/.m2/repository/com/amazonaws/aws-java-sdk-rds/1.9.2/aws-java-sdk-rds-1.9.2.jar:/Users/r.kumari/.m2/repository/com/amazonaws/aws-java-sdk-storagegateway/1.9.2/aws-java-sdk-storagegateway-1.9.2.jar:/Users/r.kumari/.m2/repository/com/amazonaws/aws-java-sdk-swf-libraries/1.9.2/aws-java-sdk-swf-libraries-1.9.2.jar:/Users/r.kumari/.m2/repository/com/amazonaws/aws-java-sdk-simpleworkflow/1.9.2/aws-java-sdk-simpleworkflow-1.9.2.jar:/Users/r.kumari/.m2/repository/com/amazonaws/aws-java-sdk-directconnect/1.9.2/aws-java-sdk-directconnect-1.9.2.jar:/Users/r.kumari/.m2/repository/com/amazonaws/aws-java-sdk-iam/1.9.2/aws-java-sdk-iam-1.9.2.jar:/Users/r.kumari/.m2/repository/com/amazonaws/aws-java-sdk-ec2/1.9.2/aws-java-sdk-ec2-1.9.2.jar:/Users/r.kumari/.m2/repository/com/amazonaws/aws-java-sdk-cloudformation/1.9.2/aws-java-sdk-cloudformation-1.9.2.jar:/Users/r.kumari/.m2/repository/com/amazonaws/aws-java-sdk-ses/1.9.2/aws-java-sdk-ses-1.9.2.jar:/Users/r.kumari/.m2/repository/com/amazonaws/aws-java-sdk-elasticloadbalancing/1.9.2/aws-java-sdk-elasticloadbalancing-1.9.2.jar:/Users/r.kumari/.m2/repository/com/amazonaws/aws-java-sdk-cognitosync/1.9.2/aws-java-sdk-cognitosync-1.9.2.jar:/Users/r.kumari/.m2/repository/com/amazonaws/aws-java-sdk-cloudtrail/1.9.2/aws-java-sdk-cloudtrail-1.9.2.jar:/Users/r.kumari/.m2/repository/com/amazonaws/aws-java-sdk-elasticbeanstalk/1.9.2/aws-java-sdk-elasticbeanstalk-1.9.2.jar:/Users/r.kumari/.m2/repository/com/amazonaws/aws-java-sdk-simpledb/1.9.2/aws-java-sdk-simpledb-1.9.2.jar:/Users/r.kumari/.m2/repository/com/amazonaws/aws-java-sdk-opsworks/1.9.2/aws-java-sdk-opsworks-1.9.2.jar:/Users/r.kumari/.m2/repository/com/amazonaws/aws-java-sdk-autoscaling/1.9.2/aws-java-sdk-autoscaling-1.9.2.jar:/Users/r.kumari/.m2/repository/com/amazonaws/aws-java-sdk-sts/1.9.2/aws-java-sdk-sts-1.9.2.jar:/Users/r.kumari/.m2/repository/com/amazonaws/aws-java-sdk-cloudfront/1.9.2/aws-java-sdk-cloudfront-1.9.2.jar:/Users/r.kumari/.m2/repository/com/amazonaws/aws-java-sdk-importexport/1.9.2/aws-java-sdk-importexport-1.9.2.jar:/Users/r.kumari/.m2/repository/com/amazonaws/aws-java-sdk-emr/1.9.2/aws-java-sdk-emr-1.9.2.jar:/Users/r.kumari/.m2/repository/com/amazonaws/aws-java-sdk-cloudsearch/1.9.2/aws-java-sdk-cloudsearch-1.9.2.jar:/Users/r.kumari/.m2/repository/com/amazonaws/aws-java-sdk-glacier/1.9.2/aws-java-sdk-glacier-1.9.2.jar:/Users/r.kumari/.m2/repository/com/amazonaws/aws-java-sdk-sqs/1.9.2/aws-java-sdk-sqs-1.9.2.jar:/Users/r.kumari/.m2/repository/com/amazonaws/aws-java-sdk-sns/1.9.2/aws-java-sdk-sns-1.9.2.jar:/Users/r.kumari/.m2/repository/com/amazonaws/aws-java-sdk-s3/1.9.2/aws-java-sdk-s3-1.9.2.jar:/Users/r.kumari/.m2/repository/com/amazonaws/aws-java-sdk-kinesis/1.9.2/aws-java-sdk-kinesis-1.9.2.jar:/Users/r.kumari/.m2/repository/com/amazonaws/aws-java-sdk-redshift/1.9.2/aws-java-sdk-redshift-1.9.2.jar:/Users/r.kumari/.m2/repository/com/amazonaws/aws-java-sdk-support/1.9.2/aws-java-sdk-support-1.9.2.jar:/Users/r.kumari/.m2/repository/com/amazonaws/aws-java-sdk-cognitoidentity/1.9.2/aws-java-sdk-cognitoidentity-1.9.2.jar:/Users/r.kumari/.m2/repository/org/apache/maven/surefire/surefire-testng-utils/2.21.0/surefire-testng-utils-2.21.0.jar:/Users/r.kumari/.m2/repository/org/apache/maven/surefire/surefire-grouper/2.21.0/surefire-grouper-2.21.0.jar:"/>
    <property name="sun.cpu.endian" value="little"/>
    <property name="user.home" value="/Users/r.kumari"/>
    <property name="user.language" value="en"/>
    <property name="java.specification.vendor" value="Oracle Corporation"/>
    <property name="java.home" value="/Library/Java/JavaVirtualMachines/jdk-9.0.4.jdk/Contents/Home"/>
    <property name="file.separator" value="/"/>
    <property name="basedir" value="/Users/r.kumari/Documents/Rohini_Personal/rohini_eclipse_workspace/Automation"/>
    <property name="java.vm.compressedOopsMode" value="Zero based"/>
    <property name="line.separator" value="&#10;"/>
    <property name="java.vm.specification.vendor" value="Oracle Corporation"/>
    <property name="java.specification.name" value="Java Platform API Specification"/>
    <property name="java.awt.graphicsenv" value="sun.awt.CGraphicsEnvironment"/>
    <property name="surefire.real.class.path" value="/Users/r.kumari/Documents/Rohini_Personal/rohini_eclipse_workspace/Automation/target/surefire/surefirebooter3761539903834553630.jar"/>
    <property name="sun.management.compiler" value="HotSpot 64-Bit Tiered Compilers"/>
    <property name="java.runtime.version" value="9.0.4+11"/>
    <property name="user.name" value="r.kumari"/>
    <property name="path.separator" value=":"/>
    <property name="os.version" value="10.12.6"/>
    <property name="java.runtime.name" value="Java(TM) SE Runtime Environment"/>
    <property name="file.encoding" value="UTF-8"/>
    <property name="java.vm.name" value="Java HotSpot(TM) 64-Bit Server VM"/>
    <property name="localRepository" value="/Users/r.kumari/.m2/repository"/>
    <property name="java.vendor.url.bug" value="http://bugreport.java.com/bugreport/"/>
    <property name="java.io.tmpdir" value="/var/folders/x7/8fxyw1wd52dcpqbkrj149gh5mx1vqv/T/"/>
    <property name="java.version" value="9.0.4"/>
    <property name="user.dir" value="/Users/r.kumari/Documents/Rohini_Personal/rohini_eclipse_workspace/Automation"/>
    <property name="os.arch" value="x86_64"/>
    <property name="java.vm.specification.name" value="Java Virtual Machine Specification"/>
    <property name="java.awt.printerjob" value="sun.lwawt.macosx.CPrinterJob"/>
    <property name="sun.os.patch.level" value="unknown"/>
    <property name="java.library.path" value="/Users/r.kumari/Library/Java/Extensions:/Library/Java/Extensions:/Network/Library/Java/Extensions:/System/Library/Java/Extensions:/usr/lib/java:."/>
    <property name="java.vm.info" value="mixed mode"/>
    <property name="java.vendor" value="Oracle Corporation"/>
    <property name="java.vm.version" value="9.0.4+11"/>
    <property name="sun.io.unicode.encoding" value="UnicodeBig"/>
    <property name="java.class.version" value="53.0"/>
  </properties>
  <testcase name="testApp on testApp(com.rohini.automation.AppTest)" classname="com.rohini.automation.AppTest" time="0.149"/>
</testsuite>